INFO:root:[Training configuration]
INFO:root:epochs = 1000
INFO:root:debug = True
INFO:root:target_error = 0.01
INFO:root:learning_rate = 1
INFO:root:function = sigmoid
INFO:root:Loaded synapses from: ./captcha_nn/synapses/synapses-0.npy
INFO:root:[Training neural network]
DEBUG:root:function = sigmoid
DEBUG:root:softmax = False
DEBUG:root:Epoch 0: 0.0103913764208
DEBUG:root:Epoch 1: 0.0100554042033
DEBUG:root:Epoch 2: 0.0104024611869
DEBUG:root:Epoch 3: 0.0107705672899
DEBUG:root:Epoch 4: 0.00988847737942
INFO:root:Target error reached: 0.00988847737942
INFO:root:[Description of neural network]
INFO:root:input_neurons  = 256
INFO:root:output_neurons = 10
INFO:root:hidden_neurons = [32]
INFO:root:Saved to: synapses-0.npy
DEBUG:root:function = sigmoid
DEBUG:root:softmax = False
INFO:root:[Starting testing]
INFO:root:threshold=0.05
INFO:root:debug=True
INFO:root:test_type=digits
INFO:root:graph=True
DEBUG:root:[x]:0_0=>[ 1.  0.  0.  0.  0.  0.  0.  0.  0.  0.]=[1 0 0 0 0 0 0 0 0 0]: 1.96940114181e-05
DEBUG:root:[x]:0_1=>[ 1.  0.  0.  0.  0.  0.  0.  0.  0.  0.]=[1 0 0 0 0 0 0 0 0 0]: 7.85742266013e-11
DEBUG:root:[x]:0_2=>[ 1.  0.  0.  0.  0.  0.  0.  0.  0.  0.]=[1 0 0 0 0 0 0 0 0 0]: 1.96940114181e-05
DEBUG:root:[x]:0_3=>[ 1.  0.  0.  0.  0.  0.  0.  0.  0.  0.]=[1 0 0 0 0 0 0 0 0 0]: 1.96940114181e-05
DEBUG:root:[x]:0_4=>[ 1.  0.  0.  0.  0.  0.  0.  0.  0.  0.]=[1 0 0 0 0 0 0 0 0 0]: 1.96940114181e-05
DEBUG:root:[x]:0_5=>[ 1.  0.  0.  0.  0.  0.  0.  0.  0.  0.]=[1 0 0 0 0 0 0 0 0 0]: 1.80881766017e-10
DEBUG:root:[x]:0_6=>[ 1.  0.  0.  0.  0.  0.  0.  0.  0.  0.]=[1 0 0 0 0 0 0 0 0 0]: 1.80881766017e-10
DEBUG:root:[x]:0_7=>[ 1.  0.  0.  0.  0.  0.  0.  0.  0.  0.]=[1 0 0 0 0 0 0 0 0 0]: 1.80881766017e-10
DEBUG:root:[x]:0_8=>[ 1.  0.  0.  0.  0.  0.  0.  0.  0.  0.]=[1 0 0 0 0 0 0 0 0 0]: 1.80881766017e-10
DEBUG:root:[x]:0_9=>[ 1.  0.  0.  0.  0.  0.  0.  0.  0.  0.]=[1 0 0 0 0 0 0 0 0 0]: 1.80881766017e-10
DEBUG:root:[x]:0_10=>[ 1.  0.  0.  0.  0.  0.  0.  0.  0.  0.]=[1 0 0 0 0 0 0 0 0 0]: 1.80881766017e-10
DEBUG:root:[x]:0_11=>[ 1.  0.  0.  0.  0.  0.  0.  0.  0.  0.]=[1 0 0 0 0 0 0 0 0 0]: 1.80881766017e-10
DEBUG:root:[x]:0_12=>[ 1.  0.  0.  0.  0.  0.  0.  0.  0.  0.]=[1 0 0 0 0 0 0 0 0 0]: 1.80881766017e-10
DEBUG:root:[x]:0_13=>[ 1.  0.  0.  0.  0.  0.  0.  0.  0.  0.]=[1 0 0 0 0 0 0 0 0 0]: 1.96940114181e-05
DEBUG:root:[x]:0_14=>[ 1.  0.  0.  0.  0.  0.  0.  0.  0.  0.]=[1 0 0 0 0 0 0 0 0 0]: 1.80881766017e-10
DEBUG:root:[x]:0_15=>[ 1.  0.  0.  0.  0.  0.  0.  0.  0.  0.]=[1 0 0 0 0 0 0 0 0 0]: 1.96940114181e-05
DEBUG:root:[x]:0_16=>[ 1.  0.  0.  0.  0.  0.  0.  0.  0.  0.]=[1 0 0 0 0 0 0 0 0 0]: 1.80881766017e-10
DEBUG:root:[x]:0_17=>[ 1.  0.  0.  0.  0.  0.  0.  0.  0.  0.]=[1 0 0 0 0 0 0 0 0 0]: 1.96940114181e-05
DEBUG:root:[x]:0_18=>[ 1.  0.  0.  0.  0.  0.  0.  0.  0.  0.]=[1 0 0 0 0 0 0 0 0 0]: 8.58737663201e-08
DEBUG:root:[x]:0_19=>[ 1.  0.  0.  0.  0.  0.  0.  0.  0.  0.]=[1 0 0 0 0 0 0 0 0 0]: 1.96940114181e-05
DEBUG:root:[x]:0_20=>[ 1.  0.  0.  0.  0.  0.  0.  0.  0.  0.]=[1 0 0 0 0 0 0 0 0 0]: 3.93292619158e-05
DEBUG:root:[x]:0_21=>[ 1.  0.  0.  0.  0.  0.  0.  0.  0.  0.]=[1 0 0 0 0 0 0 0 0 0]: 0.0017874501946
DEBUG:root:[x]:0_22=>[ 1.  0.  0.  0.  0.  0.  0.  0.  0.  0.]=[1 0 0 0 0 0 0 0 0 0]: 1.80881766017e-10
DEBUG:root:[x]:0_23=>[ 1.  0.  0.  0.  0.  0.  0.  0.  0.  0.]=[1 0 0 0 0 0 0 0 0 0]: 1.80881766017e-10
DEBUG:root:[x]:0_24=>[ 1.  0.  0.  0.  0.  0.  0.  0.  0.  0.]=[1 0 0 0 0 0 0 0 0 0]: 1.80881766017e-10
DEBUG:root:[x]:0_25=>[ 0.9  0.   0.   0.   0.   0.   0.   0.   0.   0. ]=[1 0 0 0 0 0 0 0 0 0]: 0.00855456081502
DEBUG:root:[x]:0_26=>[ 1.  0.  0.  0.  0.  0.  0.  0.  0.  0.]=[1 0 0 0 0 0 0 0 0 0]: 1.80881766017e-10
DEBUG:root:[x]:0_27=>[ 1.  0.  0.  0.  0.  0.  0.  0.  0.  0.]=[1 0 0 0 0 0 0 0 0 0]: 0.0017874501946
DEBUG:root:[x]:0_28=>[ 1.  0.  0.  0.  0.  0.  0.  0.  0.  0.]=[1 0 0 0 0 0 0 0 0 0]: 1.80881766017e-10
DEBUG:root:[x]:0_29=>[ 1.  0.  0.  0.  0.  0.  0.  0.  0.  0.]=[1 0 0 0 0 0 0 0 0 0]: 1.96940114181e-05
DEBUG:root:[x]:0_30=>[ 1.  0.  0.  0.  0.  0.  0.  0.  0.  0.]=[1 0 0 0 0 0 0 0 0 0]: 1.58742742625e-07
DEBUG:root:[x]:0_31=>[ 1.  0.  0.  0.  0.  0.  0.  0.  0.  0.]=[1 0 0 0 0 0 0 0 0 0]: 1.80881766017e-10
DEBUG:root:[x]:0_32=>[ 1.  0.  0.  0.  0.  0.  0.  0.  0.  0.]=[1 0 0 0 0 0 0 0 0 0]: 1.96940114181e-05
DEBUG:root:[x]:0_33=>[ 1.  0.  0.  0.  0.  0.  0.  0.  0.  0.]=[1 0 0 0 0 0 0 0 0 0]: 1.96940114181e-05
DEBUG:root:[x]:0_34=>[ 1.  0.  0.  0.  0.  0.  0.  0.  0.  0.]=[1 0 0 0 0 0 0 0 0 0]: 1.80881766017e-10
DEBUG:root:[x]:0_35=>[ 1.  0.  0.  0.  0.  0.  0.  0.  0.  0.]=[1 0 0 0 0 0 0 0 0 0]: 1.80881766017e-10
DEBUG:root:[x]:0_36=>[ 1.  0.  0.  0.  0.  0.  0.  0.  0.  0.]=[1 0 0 0 0 0 0 0 0 0]: 1.80881766017e-10
DEBUG:root:[x]:0_37=>[ 1.  0.  0.  0.  0.  0.  0.  0.  0.  0.]=[1 0 0 0 0 0 0 0 0 0]: 7.8179849201e-15
DEBUG:root:[x]:0_38=>[ 1.  0.  0.  0.  0.  0.  0.  0.  0.  0.]=[1 0 0 0 0 0 0 0 0 0]: 1.96940114181e-05
DEBUG:root:[x]:0_39=>[ 1.  0.  0.  0.  0.  0.  0.  0.  0.  0.]=[1 0 0 0 0 0 0 0 0 0]: 1.96940114181e-05
DEBUG:root:[x]:0_40=>[ 1.  0.  0.  0.  0.  0.  0.  0.  0.  0.]=[1 0 0 0 0 0 0 0 0 0]: 1.96940114181e-05
DEBUG:root:[x]:0_41=>[ 1.  0.  0.  0.  0.  0.  0.  0.  0.  0.]=[1 0 0 0 0 0 0 0 0 0]: 1.80881766017e-10
DEBUG:root:[x]:0_42=>[ 1.  0.  0.  0.  0.  0.  0.  0.  0.  0.]=[1 0 0 0 0 0 0 0 0 0]: 1.96940114181e-05
DEBUG:root:[x]:0_43=>[ 1.  0.  0.  0.  0.  0.  0.  0.  0.  0.]=[1 0 0 0 0 0 0 0 0 0]: 1.80881766017e-10
DEBUG:root:[x]:0_44=>[ 1.  0.  0.  0.  0.  0.  0.  0.  0.  0.]=[1 0 0 0 0 0 0 0 0 0]: 1.96940114181e-05
DEBUG:root:[x]:0_45=>[ 1.  0.  0.  0.  0.  0.  0.  0.  0.  0.]=[1 0 0 0 0 0 0 0 0 0]: 1.80881766017e-10
DEBUG:root:[x]:0_46=>[ 1.  0.  0.  0.  0.  0.  0.  0.  0.  0.]=[1 0 0 0 0 0 0 0 0 0]: 1.96940114181e-05
DEBUG:root:[x]:0_47=>[ 1.  0.  0.  0.  0.  0.  0.  0.  0.  0.]=[1 0 0 0 0 0 0 0 0 0]: 7.85742266013e-11
DEBUG:root:[x]:0_48=>[ 1.  0.  0.  0.  0.  0.  0.  0.  0.  0.]=[1 0 0 0 0 0 0 0 0 0]: 1.80881766017e-10
DEBUG:root:[x]:0_49=>[ 1.  0.  0.  0.  0.  0.  0.  0.  0.  0.]=[1 0 0 0 0 0 0 0 0 0]: 1.80881766017e-10
DEBUG:root:[ ]:0_50=>[ 0.  0.  0.  0.  0.  0.  0.  0.  0.  0.]=[1 0 0 0 0 0 0 0 0 0]: 0.0999680524341
DEBUG:root:[x]:0_51=>[ 1.  0.  0.  0.  0.  0.  0.  0.  0.  0.]=[1 0 0 0 0 0 0 0 0 0]: 1.80881766017e-10
DEBUG:root:[x]:0_52=>[ 1.  0.  0.  0.  0.  0.  0.  0.  0.  0.]=[1 0 0 0 0 0 0 0 0 0]: 1.80881766017e-10
DEBUG:root:[ ]:0_53=>[ 0.  0.  0.  0.  0.  0.  0.  0.  0.  0.]=[1 0 0 0 0 0 0 0 0 0]: 0.100001309281
DEBUG:root:[x]:0_54=>[ 1.  0.  0.  0.  0.  0.  0.  0.  0.  0.]=[1 0 0 0 0 0 0 0 0 0]: 1.80881766017e-10
DEBUG:root:[x]:0_55=>[ 1.  0.  0.  0.  0.  0.  0.  0.  0.  0.]=[1 0 0 0 0 0 0 0 0 0]: 1.80881766017e-10
DEBUG:root:[x]:0_56=>[ 1.  0.  0.  0.  0.  0.  0.  0.  0.  0.]=[1 0 0 0 0 0 0 0 0 0]: 1.80881766017e-10
DEBUG:root:[x]:0_57=>[ 1.  0.  0.  0.  0.  0.  0.  0.  0.  0.]=[1 0 0 0 0 0 0 0 0 0]: 7.8179849201e-15
DEBUG:root:[x]:0_58=>[ 1.  0.  0.  0.  0.  0.  0.  0.  0.  0.]=[1 0 0 0 0 0 0 0 0 0]: 1.96940114181e-05
DEBUG:root:[x]:0_59=>[ 1.  0.  0.  0.  0.  0.  0.  0.  0.  0.]=[1 0 0 0 0 0 0 0 0 0]: 1.80881766017e-10
DEBUG:root:[x]:0_60=>[ 1.  0.  0.  0.  0.  0.  0.  0.  0.  0.]=[1 0 0 0 0 0 0 0 0 0]: 1.00461799667e-06
DEBUG:root:[x]:0_61=>[ 1.  0.  0.  0.  0.  0.  0.  0.  0.  0.]=[1 0 0 0 0 0 0 0 0 0]: 0.0017874501946
DEBUG:root:[x]:0_62=>[ 1.  0.  0.  0.  0.  0.  0.  0.  0.  0.]=[1 0 0 0 0 0 0 0 0 0]: 1.96940114181e-05
DEBUG:root:[x]:0_63=>[ 1.  0.  0.  0.  0.  0.  0.  0.  0.  0.]=[1 0 0 0 0 0 0 0 0 0]: 1.96940114181e-05
DEBUG:root:[x]:0_64=>[ 1.  0.  0.  0.  0.  0.  0.  0.  0.  0.]=[1 0 0 0 0 0 0 0 0 0]: 1.80881766017e-10
DEBUG:root:[x]:0_65=>[ 1.  0.  0.  0.  0.  0.  0.  0.  0.  0.]=[1 0 0 0 0 0 0 0 0 0]: 1.96940114181e-05
DEBUG:root:[x]:0_66=>[ 1.  0.  0.  0.  0.  0.  0.  0.  0.  0.]=[1 0 0 0 0 0 0 0 0 0]: 3.93292619158e-05
DEBUG:root:[x]:0_67=>[ 1.  0.  0.  0.  0.  0.  0.  0.  0.  0.]=[1 0 0 0 0 0 0 0 0 0]: 1.80881766017e-10
DEBUG:root:[x]:0_68=>[ 1.  0.  0.  0.  0.  0.  0.  0.  0.  0.]=[1 0 0 0 0 0 0 0 0 0]: 1.80881766017e-10
DEBUG:root:[x]:0_69=>[ 1.  0.  0.  0.  0.  0.  0.  0.  0.  0.]=[1 0 0 0 0 0 0 0 0 0]: 0.000344512747383
DEBUG:root:[x]:0_70=>[ 1.  0.  0.  0.  0.  0.  0.  0.  0.  0.]=[1 0 0 0 0 0 0 0 0 0]: 2.23495335138e-13
DEBUG:root:[x]:0_71=>[ 1.  0.  0.  0.  0.  0.  0.  0.  0.  0.]=[1 0 0 0 0 0 0 0 0 0]: 1.80881766017e-10
DEBUG:root:[x]:0_72=>[ 1.  0.  0.  0.  0.  0.  0.  0.  0.  0.]=[1 0 0 0 0 0 0 0 0 0]: 1.80881766017e-10
DEBUG:root:[x]:0_73=>[ 1.  0.  0.  0.  0.  0.  0.  0.  0.  0.]=[1 0 0 0 0 0 0 0 0 0]: 1.80881766017e-10
DEBUG:root:[x]:0_74=>[ 1.  0.  0.  0.  0.  0.  0.  0.  0.  0.]=[1 0 0 0 0 0 0 0 0 0]: 1.80881766017e-10
DEBUG:root:[x]:0_75=>[ 1.  0.  0.  0.  0.  0.  0.  0.  0.  0.]=[1 0 0 0 0 0 0 0 0 0]: 1.80881766017e-10
DEBUG:root:[x]:0_76=>[ 1.  0.  0.  0.  0.  0.  0.  0.  0.  0.]=[1 0 0 0 0 0 0 0 0 0]: 1.80881766017e-10
DEBUG:root:[x]:0_77=>[ 1.  0.  0.  0.  0.  0.  0.  0.  0.  0.]=[1 0 0 0 0 0 0 0 0 0]: 3.93292619158e-05
DEBUG:root:[x]:0_78=>[ 1.  0.  0.  0.  0.  0.  0.  0.  0.  0.]=[1 0 0 0 0 0 0 0 0 0]: 1.96940114181e-05
DEBUG:root:[x]:0_79=>[ 1.  0.  0.  0.  0.  0.  0.  0.  0.  0.]=[1 0 0 0 0 0 0 0 0 0]: 1.80881766017e-10
DEBUG:root:[x]:0_80=>[ 1.  0.  0.  0.  0.  0.  0.  0.  0.  0.]=[1 0 0 0 0 0 0 0 0 0]: 1.80881766017e-10
DEBUG:root:[x]:0_81=>[ 1.  0.  0.  0.  0.  0.  0.  0.  0.  0.]=[1 0 0 0 0 0 0 0 0 0]: 3.93292619158e-05
DEBUG:root:[x]:0_82=>[ 1.  0.  0.  0.  0.  0.  0.  0.  0.  0.]=[1 0 0 0 0 0 0 0 0 0]: 1.80881766017e-10
DEBUG:root:[x]:0_83=>[ 1.  0.  0.  0.  0.  0.  0.  0.  0.  0.]=[1 0 0 0 0 0 0 0 0 0]: 1.80881766017e-10
DEBUG:root:[x]:0_84=>[ 1.  0.  0.  0.  0.  0.  0.  0.  0.  0.]=[1 0 0 0 0 0 0 0 0 0]: 1.96940114181e-05
DEBUG:root:[x]:0_85=>[ 1.  0.  0.  0.  0.  0.  0.  0.  0.  0.]=[1 0 0 0 0 0 0 0 0 0]: 1.80881766017e-10
DEBUG:root:[x]:0_86=>[ 1.  0.  0.  0.  0.  0.  0.  0.  0.  0.]=[1 0 0 0 0 0 0 0 0 0]: 3.67855747791e-13
DEBUG:root:[x]:0_87=>[ 1.  0.  0.  0.  0.  0.  0.  0.  0.  0.]=[1 0 0 0 0 0 0 0 0 0]: 1.80881766017e-10
DEBUG:root:[x]:0_88=>[ 1.  0.  0.  0.  0.  0.  0.  0.  0.  0.]=[1 0 0 0 0 0 0 0 0 0]: 1.96940114181e-05
DEBUG:root:[x]:0_89=>[ 1.  0.  0.  0.  0.  0.  0.  0.  0.  0.]=[1 0 0 0 0 0 0 0 0 0]: 1.80881766017e-10
DEBUG:root:[x]:0_90=>[ 1.  0.  0.  0.  0.  0.  0.  0.  0.  0.]=[1 0 0 0 0 0 0 0 0 0]: 1.96940114181e-05
DEBUG:root:[x]:0_91=>[ 1.  0.  0.  0.  0.  0.  0.  0.  0.  0.]=[1 0 0 0 0 0 0 0 0 0]: 1.96940114181e-05
DEBUG:root:[x]:0_92=>[ 1.  0.  0.  0.  0.  0.  0.  0.  0.  0.]=[1 0 0 0 0 0 0 0 0 0]: 1.80881766017e-10
DEBUG:root:[x]:0_93=>[ 1.  0.  0.  0.  0.  0.  0.  0.  0.  0.]=[1 0 0 0 0 0 0 0 0 0]: 0.000344512747383
DEBUG:root:[x]:0_94=>[ 1.  0.  0.  0.  0.  0.  0.  0.  0.  0.]=[1 0 0 0 0 0 0 0 0 0]: 1.52607995858e-06
DEBUG:root:[x]:0_95=>[ 1.  0.  0.  0.  0.  0.  0.  0.  0.  0.]=[1 0 0 0 0 0 0 0 0 0]: 1.80881766017e-10
DEBUG:root:[x]:0_96=>[ 1.  0.  0.  0.  0.  0.  0.  0.  0.  0.]=[1 0 0 0 0 0 0 0 0 0]: 1.80881766017e-10
DEBUG:root:[x]:0_97=>[ 1.  0.  0.  0.  0.  0.  0.  0.  0.  0.]=[1 0 0 0 0 0 0 0 0 0]: 1.96940114181e-05
DEBUG:root:[x]:0_98=>[ 1.  0.  0.  0.  0.  0.  0.  0.  0.  0.]=[1 0 0 0 0 0 0 0 0 0]: 1.80881766017e-10
DEBUG:root:[x]:0_99=>[ 1.  0.  0.  0.  0.  0.  0.  0.  0.  0.]=[1 0 0 0 0 0 0 0 0 0]: 1.80881766017e-10
DEBUG:root:[x]:1_0=>[ 0.  1.  0.  0.  0.  0.  0.  0.  0.  0.]=[0 1 0 0 0 0 0 0 0 0]: 7.31119822928e-36
DEBUG:root:[x]:1_1=>[ 0.  1.  0.  0.  0.  0.  0.  0.  0.  0.]=[0 1 0 0 0 0 0 0 0 0]: 3.11406523507e-42
DEBUG:root:[x]:1_2=>[ 0.  1.  0.  0.  0.  0.  0.  0.  0.  0.]=[0 1 0 0 0 0 0 0 0 0]: 3.42143261965e-46
DEBUG:root:[x]:1_3=>[ 0.  1.  0.  0.  0.  0.  0.  0.  0.  0.]=[0 1 0 0 0 0 0 0 0 0]: 9.11092206383e-32
DEBUG:root:[x]:1_4=>[ 0.  1.  0.  0.  0.  0.  0.  0.  0.  0.]=[0 1 0 0 0 0 0 0 0 0]: 1.95789101834e-22
DEBUG:root:[ ]:1_5=>[ 0.   0.9  0.   0.   0.   0.   0.   1.   0.   0. ]=[0 1 0 0 0 0 0 0 0 0]: 0.10742392756
DEBUG:root:[x]:1_6=>[ 0.  1.  0.  0.  0.  0.  0.  0.  0.  0.]=[0 1 0 0 0 0 0 0 0 0]: 2.60711494815e-16
DEBUG:root:[x]:1_7=>[ 0.  1.  0.  0.  0.  0.  0.  0.  0.  0.]=[0 1 0 0 0 0 0 0 0 0]: 7.31119822928e-36
DEBUG:root:[x]:1_8=>[ 0.  1.  0.  0.  0.  0.  0.  0.  0.  0.]=[0 1 0 0 0 0 0 0 0 0]: 1.79749265902e-37
DEBUG:root:[x]:1_9=>[ 0.  1.  0.  0.  0.  0.  0.  0.  0.  0.]=[0 1 0 0 0 0 0 0 0 0]: 3.29725741777e-22
DEBUG:root:[x]:1_10=>[ 0.  1.  0.  0.  0.  0.  0.  0.  0.  0.]=[0 1 0 0 0 0 0 0 0 0]: 4.49066694941e-10
DEBUG:root:[x]:1_11=>[ 0.  1.  0.  0.  0.  0.  0.  0.  0.  0.]=[0 1 0 0 0 0 0 0 0 0]: 1.50909068675e-07
DEBUG:root:[x]:1_12=>[ 0.  1.  0.  0.  0.  0.  0.  0.  0.  0.]=[0 1 0 0 0 0 0 0 0 0]: 1.18813379472e-05
DEBUG:root:[x]:1_13=>[ 0.  1.  0.  0.  0.  0.  0.  0.  0.  0.]=[0 1 0 0 0 0 0 0 0 0]: 1.76630211066e-17
DEBUG:root:[x]:1_14=>[ 0.  1.  0.  0.  0.  0.  0.  0.  0.  0.]=[0 1 0 0 0 0 0 0 0 0]: 9.11092206383e-32
DEBUG:root:[x]:1_15=>[ 0.  1.  0.  0.  0.  0.  0.  0.  0.  0.]=[0 1 0 0 0 0 0 0 0 0]: 9.11092206383e-32
DEBUG:root:[x]:1_16=>[ 0.  1.  0.  0.  0.  0.  0.  0.  0.  0.]=[0 1 0 0 0 0 0 0 0 0]: 4.97111093659e-35
DEBUG:root:[ ]:1_17=>[ 0.  1.  1.  0.  0.  0.  0.  0.  0.  0.]=[0 1 0 0 0 0 0 0 0 0]: 0.0989385846135
DEBUG:root:[ ]:1_18=>[ 0.  0.  0.  0.  0.  0.  0.  0.  0.  0.]=[0 1 0 0 0 0 0 0 0 0]: 0.0999999999982
